<?xml version="1.0" encoding="UTF-8"?>
<!-- Generated by org.testng.reporters.JUnitXMLReporter -->
<testsuite ignored="2" hostname="TYSS-Deepak" failures="0" tests="3" name="Test-Runner-1" time="64.772" errors="0" timestamp="2022-05-05T17:10:26 IST">
  <testcase classname="com.crm.comcast.organizationTest.CreateOrgTest" name="createOrgTest" time="10.679"/>
  <testcase classname="com.crm.comcast.campaignTest.CreateCampaignTest" name="createCampaginTest" time="8.239"/>
  <testcase classname="com.crm.comcast.campaignTest.CreateCampaignTest" name="creatreCampaginWithProductTest" time="16.454"/>
  <testcase classname="com.crm.comcast.genericutility.BaseAnnoationClass" name="@BeforeSuite configBS" time="0.0">
    <ignored/>
  </testcase> <!-- @BeforeSuite configBS -->
  <testcase classname="com.crm.comcast.genericutility.BaseAnnoationClass" name="@AfterSuite configAS" time="0.0">
    <ignored/>
  </testcase> <!-- @AfterSuite configAS -->
</testsuite> <!-- Test-Runner-1 -->
