<?xml version="1.0" encoding="UTF-8"?>
<!-- Generated by org.testng.reporters.JUnitXMLReporter -->
<testsuite ignored="6" hostname="TYSS-Deepak" failures="0" tests="6" name="Test-Runner-Firefox" time="123.134" errors="0" timestamp="2022-05-05T17:33:19 IST">
  <testcase classname="com.crm.comcast.organizationTest.CreateOrgTest" name="createOrgTest" time="10.239"/>
  <testcase classname="com.crm.comcast.campaignTest.CreateCampaignTest" name="createCampaginTest" time="9.088"/>
  <testcase classname="com.crm.comcast.campaignTest.CreateCampaignTest" name="creatreCampaginWithProductTest" time="18.199"/>
  <testcase classname="com.crm.comcast.conatcttest.CreateConatact" name="CreateContactWithOutMandateTest" time="7.161"/>
  <testcase classname="com.crm.comcast.conatcttest.CreateConatact" name="createrConatctTest" time="11.263"/>
  <testcase classname="com.crm.comcast.conatcttest.DeleteConatctTest" name="deleteConatctTest" time="12.855"/>
  <testcase classname="com.crm.comcast.genericutility.BaseAnnoationClass" name="@BeforeSuite configBS" time="0.0">
    <ignored/>
  </testcase> <!-- @BeforeSuite configBS -->
  <testcase classname="com.crm.comcast.genericutility.BaseAnnoationClass" name="@BeforeSuite configBS" time="0.0">
    <ignored/>
  </testcase> <!-- @BeforeSuite configBS -->
  <testcase classname="com.crm.comcast.genericutility.BaseAnnoationClass" name="@BeforeSuite configBS" time="0.0">
    <ignored/>
  </testcase> <!-- @BeforeSuite configBS -->
  <testcase classname="com.crm.comcast.genericutility.BaseAnnoationClass" name="@AfterSuite configAS" time="0.0">
    <ignored/>
  </testcase> <!-- @AfterSuite configAS -->
  <testcase classname="com.crm.comcast.genericutility.BaseAnnoationClass" name="@AfterSuite configAS" time="0.0">
    <ignored/>
  </testcase> <!-- @AfterSuite configAS -->
  <testcase classname="com.crm.comcast.genericutility.BaseAnnoationClass" name="@AfterSuite configAS" time="0.0">
    <ignored/>
  </testcase> <!-- @AfterSuite configAS -->
</testsuite> <!-- Test-Runner-Firefox -->
