<?xml version="1.0" encoding="UTF-8"?>
<!-- Generated by org.testng.reporters.JUnitXMLReporter -->
<testsuite ignored="2" hostname="TYSS-Deepak" failures="0" tests="3" name="Test-Runner-2" time="57.197" errors="0" timestamp="2022-05-05T17:10:18 IST">
  <testcase classname="com.crm.comcast.conatcttest.CreateConatact" name="CreateContactWithOutMandateTest" time="6.868"/>
  <testcase classname="com.crm.comcast.conatcttest.CreateConatact" name="createrConatctTest" time="8.618"/>
  <testcase classname="com.crm.comcast.conatcttest.DeleteConatctTest" name="deleteConatctTest" time="14.038"/>
  <testcase classname="com.crm.comcast.genericutility.BaseAnnoationClass" name="@BeforeSuite configBS" time="0.0">
    <ignored/>
  </testcase> <!-- @BeforeSuite configBS -->
  <testcase classname="com.crm.comcast.genericutility.BaseAnnoationClass" name="@AfterSuite configAS" time="0.0">
    <ignored/>
  </testcase> <!-- @AfterSuite configAS -->
</testsuite> <!-- Test-Runner-2 -->
