<?xml version="1.0" encoding="UTF-8"?>
<!-- Generated by org.testng.reporters.JUnitReportReporter -->
<testsuite hostname="TYSS-Deepak" failures="0" tests="1" name="com.crm.comcast.campaignTest.CreateCamapaignWithProductTest" time="31.018" errors="0" timestamp="2022-05-05T12:01:26 IST" skipped="0">
  <testcase classname="com.crm.comcast.campaignTest.CreateCamapaignWithProductTest" name="creatreCampaginWithProductTest" time="31.018"/>
  <system-out/>
</testsuite> <!-- com.crm.comcast.campaignTest.CreateCamapaignWithProductTest -->
