<?xml version="1.0" encoding="UTF-8"?>
<!-- Generated by org.testng.reporters.JUnitReportReporter -->
<testsuite hostname="TYSS-Deepak" failures="0" tests="1" name="com.crm.comcast.campaignTest.CreateCampaign" time="10.915" errors="0" timestamp="2022-05-05T12:01:58 IST" skipped="0">
  <testcase classname="com.crm.comcast.campaignTest.CreateCampaign" name="createCampaginTest" time="10.915"/>
  <system-out/>
</testsuite> <!-- com.crm.comcast.campaignTest.CreateCampaign -->
