<?xml version="1.0" encoding="UTF-8"?>
<!-- Generated by org.testng.reporters.JUnitReportReporter -->
<testsuite hostname="TYSS-Deepak" failures="0" tests="2" name="com.crm.comcast.conatcttest.DeleteConatctTest" time="37.184" errors="0" timestamp="2022-05-05T17:33:19 IST" skipped="0">
  <testcase classname="com.crm.comcast.conatcttest.DeleteConatctTest" name="deleteConatctTest" time="17.071"/>
  <system-out/>
  <testcase classname="com.crm.comcast.conatcttest.DeleteConatctTest" name="deleteConatctTest" time="20.113"/>
  <system-out/>
</testsuite> <!-- com.crm.comcast.conatcttest.DeleteConatctTest -->
