<?xml version="1.0" encoding="UTF-8"?>
<!-- Generated by org.testng.reporters.JUnitReportReporter -->
<testsuite hostname="TYSS-Deepak" failures="0" tests="2" name="com.crm.comcast.organizationTest.CreateOrgTest" time="32.498" errors="0" timestamp="2022-05-05T17:33:19 IST" skipped="0">
  <testcase classname="com.crm.comcast.organizationTest.CreateOrgTest" name="createOrgTest" time="16.635"/>
  <system-out/>
  <testcase classname="com.crm.comcast.organizationTest.CreateOrgTest" name="createOrgTest" time="15.863"/>
  <system-out/>
</testsuite> <!-- com.crm.comcast.organizationTest.CreateOrgTest -->
