<?xml version="1.0" encoding="UTF-8"?>
<!-- Generated by org.testng.reporters.JUnitReportReporter -->
<testsuite hostname="TYSS-Deepak" failures="0" tests="4" name="com.crm.comcast.campaignTest.CreateCampaignTest" time="72.984" errors="0" timestamp="2022-05-05T17:33:19 IST" skipped="0">
  <testcase classname="com.crm.comcast.campaignTest.CreateCampaignTest" name="createCampaginTest" time="14.614"/>
  <system-out/>
  <testcase classname="com.crm.comcast.campaignTest.CreateCampaignTest" name="creatreCampaginWithProductTest" time="21.873"/>
  <system-out/>
  <testcase classname="com.crm.comcast.campaignTest.CreateCampaignTest" name="creatreCampaginWithProductTest" time="22.761"/>
  <system-out/>
  <testcase classname="com.crm.comcast.campaignTest.CreateCampaignTest" name="createCampaginTest" time="13.736"/>
  <system-out/>
</testsuite> <!-- com.crm.comcast.campaignTest.CreateCampaignTest -->
