<?xml version="1.0" encoding="UTF-8"?>
<!-- Generated by org.testng.reporters.JUnitReportReporter -->
<testsuite hostname="TYSS-Deepak" failures="0" tests="4" name="com.crm.comcast.conatcttest.CreateConatact" time="58.531" errors="0" timestamp="2022-05-05T17:33:19 IST" skipped="0">
  <testcase classname="com.crm.comcast.conatcttest.CreateConatact" name="CreateContactWithOutMandateTest" time="13.363"/>
  <system-out/>
  <testcase classname="com.crm.comcast.conatcttest.CreateConatact" name="createrConatctTest" time="16.102"/>
  <system-out/>
  <testcase classname="com.crm.comcast.conatcttest.CreateConatact" name="CreateContactWithOutMandateTest" time="12.042"/>
  <system-out/>
  <testcase classname="com.crm.comcast.conatcttest.CreateConatact" name="createrConatctTest" time="17.024"/>
  <system-out/>
</testsuite> <!-- com.crm.comcast.conatcttest.CreateConatact -->
